I, [2020-10-08T09:28:00.133091 #13]  INFO -- : [189cba4f-603c-42f4-b13f-6477ffcdfebc] Started GET "/" for 172.18.0.1 at 2020-10-08 09:28:00 +0000
I, [2020-10-08T09:28:00.137237 #13]  INFO -- : [189cba4f-603c-42f4-b13f-6477ffcdfebc] Processing by SimulatorsController#index as HTML
I, [2020-10-08T09:28:00.389194 #13]  INFO -- : [189cba4f-603c-42f4-b13f-6477ffcdfebc]   Rendering simulators/index.html.haml within layouts/application
I, [2020-10-08T09:28:00.404646 #13]  INFO -- : [189cba4f-603c-42f4-b13f-6477ffcdfebc]   Rendered simulators/index.html.haml within layouts/application (13.4ms)
I, [2020-10-08T09:28:00.461018 #13]  INFO -- : [189cba4f-603c-42f4-b13f-6477ffcdfebc] Completed 500 Internal Server Error in 322ms
F, [2020-10-08T09:28:00.465084 #13] FATAL -- : [189cba4f-603c-42f4-b13f-6477ffcdfebc]   
F, [2020-10-08T09:28:00.466900 #13] FATAL -- : [189cba4f-603c-42f4-b13f-6477ffcdfebc] ActionView::Template::Error (The asset "application.css" is not present in the asset pipeline.
):
F, [2020-10-08T09:28:00.468689 #13] FATAL -- : [189cba4f-603c-42f4-b13f-6477ffcdfebc]      5:     %title ShotaImoto
[189cba4f-603c-42f4-b13f-6477ffcdfebc]      6:     = csrf_meta_tags
[189cba4f-603c-42f4-b13f-6477ffcdfebc]      7:     = csp_meta_tag
[189cba4f-603c-42f4-b13f-6477ffcdfebc]      8:     = stylesheet_link_tag    'application', media: 'all', 'data-turbolinks-track': 'reload'
[189cba4f-603c-42f4-b13f-6477ffcdfebc]      9:     = javascript_include_tag 'application', 'data-turbolinks-track': 'reload'
[189cba4f-603c-42f4-b13f-6477ffcdfebc]     10:   %body
[189cba4f-603c-42f4-b13f-6477ffcdfebc]     11:     = yield
F, [2020-10-08T09:28:00.470055 #13] FATAL -- : [189cba4f-603c-42f4-b13f-6477ffcdfebc]   
F, [2020-10-08T09:28:00.471114 #13] FATAL -- : [189cba4f-603c-42f4-b13f-6477ffcdfebc] app/views/layouts/application.html.haml:8:in `_app_views_layouts_application_html_haml___49900586251178806_15620'
I, [2020-10-08T09:31:10.965260 #12]  INFO -- : [ef6da2ca-85ca-4730-b11e-05cae4fe80a2] Started GET "/" for 172.19.0.1 at 2020-10-08 09:31:10 +0000
I, [2020-10-08T09:31:10.972209 #12]  INFO -- : [ef6da2ca-85ca-4730-b11e-05cae4fe80a2] Processing by SimulatorsController#index as HTML
I, [2020-10-08T09:31:11.169195 #12]  INFO -- : [ef6da2ca-85ca-4730-b11e-05cae4fe80a2]   Rendering simulators/index.html.haml within layouts/application
I, [2020-10-08T09:31:11.206604 #12]  INFO -- : [ef6da2ca-85ca-4730-b11e-05cae4fe80a2]   Rendered simulators/index.html.haml within layouts/application (36.1ms)
I, [2020-10-08T09:31:11.296621 #12]  INFO -- : [ef6da2ca-85ca-4730-b11e-05cae4fe80a2] Completed 500 Internal Server Error in 323ms
F, [2020-10-08T09:31:11.300705 #12] FATAL -- : [ef6da2ca-85ca-4730-b11e-05cae4fe80a2]   
F, [2020-10-08T09:31:11.302058 #12] FATAL -- : [ef6da2ca-85ca-4730-b11e-05cae4fe80a2] ActionView::Template::Error (The asset "application.css" is not present in the asset pipeline.
):
F, [2020-10-08T09:31:11.303607 #12] FATAL -- : [ef6da2ca-85ca-4730-b11e-05cae4fe80a2]      5:     %title ShotaImoto
[ef6da2ca-85ca-4730-b11e-05cae4fe80a2]      6:     = csrf_meta_tags
[ef6da2ca-85ca-4730-b11e-05cae4fe80a2]      7:     = csp_meta_tag
[ef6da2ca-85ca-4730-b11e-05cae4fe80a2]      8:     = stylesheet_link_tag    'application', media: 'all', 'data-turbolinks-track': 'reload'
[ef6da2ca-85ca-4730-b11e-05cae4fe80a2]      9:     = javascript_include_tag 'application', 'data-turbolinks-track': 'reload'
[ef6da2ca-85ca-4730-b11e-05cae4fe80a2]     10:   %body
[ef6da2ca-85ca-4730-b11e-05cae4fe80a2]     11:     = yield
F, [2020-10-08T09:31:11.305494 #12] FATAL -- : [ef6da2ca-85ca-4730-b11e-05cae4fe80a2]   
F, [2020-10-08T09:31:11.307587 #12] FATAL -- : [ef6da2ca-85ca-4730-b11e-05cae4fe80a2] app/views/layouts/application.html.haml:8:in `_app_views_layouts_application_html_haml___1068815591746711894_15620'
I, [2020-10-08T09:31:58.424714 #12]  INFO -- : [0903ab92-5296-4ac1-8eae-4621e2d27f2b] Started GET "/" for 172.19.0.1 at 2020-10-08 09:31:58 +0000
I, [2020-10-08T09:31:58.434434 #12]  INFO -- : [0903ab92-5296-4ac1-8eae-4621e2d27f2b] Processing by SimulatorsController#index as HTML
I, [2020-10-08T09:31:58.442630 #12]  INFO -- : [0903ab92-5296-4ac1-8eae-4621e2d27f2b]   Rendering simulators/index.html.haml within layouts/application
I, [2020-10-08T09:31:58.449817 #12]  INFO -- : [0903ab92-5296-4ac1-8eae-4621e2d27f2b]   Rendered simulators/index.html.haml within layouts/application (4.9ms)
I, [2020-10-08T09:31:58.507630 #12]  INFO -- : [0903ab92-5296-4ac1-8eae-4621e2d27f2b] Completed 500 Internal Server Error in 71ms
F, [2020-10-08T09:31:58.512561 #12] FATAL -- : [0903ab92-5296-4ac1-8eae-4621e2d27f2b]   
F, [2020-10-08T09:31:58.513532 #12] FATAL -- : [0903ab92-5296-4ac1-8eae-4621e2d27f2b] ActionView::Template::Error (The asset "application.css" is not present in the asset pipeline.
):
F, [2020-10-08T09:31:58.514730 #12] FATAL -- : [0903ab92-5296-4ac1-8eae-4621e2d27f2b]      5:     %title ShotaImoto
[0903ab92-5296-4ac1-8eae-4621e2d27f2b]      6:     = csrf_meta_tags
[0903ab92-5296-4ac1-8eae-4621e2d27f2b]      7:     = csp_meta_tag
[0903ab92-5296-4ac1-8eae-4621e2d27f2b]      8:     = stylesheet_link_tag    'application', media: 'all', 'data-turbolinks-track': 'reload'
[0903ab92-5296-4ac1-8eae-4621e2d27f2b]      9:     = javascript_include_tag 'application', 'data-turbolinks-track': 'reload'
[0903ab92-5296-4ac1-8eae-4621e2d27f2b]     10:   %body
[0903ab92-5296-4ac1-8eae-4621e2d27f2b]     11:     = yield
F, [2020-10-08T09:31:58.515947 #12] FATAL -- : [0903ab92-5296-4ac1-8eae-4621e2d27f2b]   
F, [2020-10-08T09:31:58.517019 #12] FATAL -- : [0903ab92-5296-4ac1-8eae-4621e2d27f2b] app/views/layouts/application.html.haml:8:in `_app_views_layouts_application_html_haml___1068815591746711894_15620'
I, [2020-10-08T09:31:58.572616 #12]  INFO -- : [05a5ab65-0a1d-421e-92dd-50e77482eec9] Started GET "/favicon.ico" for 172.19.0.1 at 2020-10-08 09:31:58 +0000
F, [2020-10-08T09:31:58.578904 #12] FATAL -- : [05a5ab65-0a1d-421e-92dd-50e77482eec9]   
F, [2020-10-08T09:31:58.580638 #12] FATAL -- : [05a5ab65-0a1d-421e-92dd-50e77482eec9] ActionController::RoutingError (No route matches [GET] "/favicon.ico"):
F, [2020-10-08T09:31:58.582403 #12] FATAL -- : [05a5ab65-0a1d-421e-92dd-50e77482eec9]   
F, [2020-10-08T09:31:58.584627 #12] FATAL -- : [05a5ab65-0a1d-421e-92dd-50e77482eec9] actionpack (5.2.4.4) lib/action_dispatch/middleware/debug_exceptions.rb:65:in `call'
[05a5ab65-0a1d-421e-92dd-50e77482eec9] actionpack (5.2.4.4) lib/action_dispatch/middleware/show_exceptions.rb:33:in `call'
[05a5ab65-0a1d-421e-92dd-50e77482eec9] railties (5.2.4.4) lib/rails/rack/logger.rb:38:in `call_app'
[05a5ab65-0a1d-421e-92dd-50e77482eec9] railties (5.2.4.4) lib/rails/rack/logger.rb:26:in `block in call'
[05a5ab65-0a1d-421e-92dd-50e77482eec9] activesupport (5.2.4.4) lib/active_support/tagged_logging.rb:71:in `block in tagged'
[05a5ab65-0a1d-421e-92dd-50e77482eec9] activesupport (5.2.4.4) lib/active_support/tagged_logging.rb:28:in `tagged'
[05a5ab65-0a1d-421e-92dd-50e77482eec9] activesupport (5.2.4.4) lib/active_support/tagged_logging.rb:71:in `tagged'
[05a5ab65-0a1d-421e-92dd-50e77482eec9] railties (5.2.4.4) lib/rails/rack/logger.rb:26:in `call'
[05a5ab65-0a1d-421e-92dd-50e77482eec9] actionpack (5.2.4.4) lib/action_dispatch/middleware/remote_ip.rb:81:in `call'
[05a5ab65-0a1d-421e-92dd-50e77482eec9] actionpack (5.2.4.4) lib/action_dispatch/middleware/request_id.rb:27:in `call'
[05a5ab65-0a1d-421e-92dd-50e77482eec9] rack (2.2.3) lib/rack/method_override.rb:24:in `call'
[05a5ab65-0a1d-421e-92dd-50e77482eec9] rack (2.2.3) lib/rack/runtime.rb:22:in `call'
[05a5ab65-0a1d-421e-92dd-50e77482eec9] activesupport (5.2.4.4) lib/active_support/cache/strategy/local_cache_middleware.rb:29:in `call'
[05a5ab65-0a1d-421e-92dd-50e77482eec9] actionpack (5.2.4.4) lib/action_dispatch/middleware/executor.rb:14:in `call'
[05a5ab65-0a1d-421e-92dd-50e77482eec9] rack (2.2.3) lib/rack/sendfile.rb:110:in `call'
[05a5ab65-0a1d-421e-92dd-50e77482eec9] railties (5.2.4.4) lib/rails/engine.rb:524:in `call'
[05a5ab65-0a1d-421e-92dd-50e77482eec9] puma (3.12.6) lib/puma/configuration.rb:227:in `call'
[05a5ab65-0a1d-421e-92dd-50e77482eec9] puma (3.12.6) lib/puma/server.rb:706:in `handle_request'
[05a5ab65-0a1d-421e-92dd-50e77482eec9] puma (3.12.6) lib/puma/server.rb:476:in `process_client'
[05a5ab65-0a1d-421e-92dd-50e77482eec9] puma (3.12.6) lib/puma/server.rb:334:in `block in run'
[05a5ab65-0a1d-421e-92dd-50e77482eec9] puma (3.12.6) lib/puma/thread_pool.rb:135:in `block in spawn_thread'
I, [2020-10-08T09:33:28.567096 #12]  INFO -- : [52404e9e-a9d1-4264-89a5-ce5482a8578f] Started GET "/" for 172.19.0.1 at 2020-10-08 09:33:28 +0000
I, [2020-10-08T09:33:28.576390 #12]  INFO -- : [52404e9e-a9d1-4264-89a5-ce5482a8578f] Processing by SimulatorsController#index as HTML
I, [2020-10-08T09:33:28.590818 #12]  INFO -- : [52404e9e-a9d1-4264-89a5-ce5482a8578f]   Rendering simulators/index.html.haml within layouts/application
I, [2020-10-08T09:33:28.604284 #12]  INFO -- : [52404e9e-a9d1-4264-89a5-ce5482a8578f]   Rendered simulators/index.html.haml within layouts/application (5.9ms)
I, [2020-10-08T09:33:28.693729 #12]  INFO -- : [52404e9e-a9d1-4264-89a5-ce5482a8578f] Completed 500 Internal Server Error in 114ms
F, [2020-10-08T09:33:28.699475 #12] FATAL -- : [52404e9e-a9d1-4264-89a5-ce5482a8578f]   
F, [2020-10-08T09:33:28.701200 #12] FATAL -- : [52404e9e-a9d1-4264-89a5-ce5482a8578f] ActionView::Template::Error (The asset "application.css" is not present in the asset pipeline.
):
F, [2020-10-08T09:33:28.702746 #12] FATAL -- : [52404e9e-a9d1-4264-89a5-ce5482a8578f]      5:     %title ShotaImoto
[52404e9e-a9d1-4264-89a5-ce5482a8578f]      6:     = csrf_meta_tags
[52404e9e-a9d1-4264-89a5-ce5482a8578f]      7:     = csp_meta_tag
[52404e9e-a9d1-4264-89a5-ce5482a8578f]      8:     = stylesheet_link_tag    'application', media: 'all', 'data-turbolinks-track': 'reload'
[52404e9e-a9d1-4264-89a5-ce5482a8578f]      9:     = javascript_include_tag 'application', 'data-turbolinks-track': 'reload'
[52404e9e-a9d1-4264-89a5-ce5482a8578f]     10:   %body
[52404e9e-a9d1-4264-89a5-ce5482a8578f]     11:     = yield
F, [2020-10-08T09:33:28.703875 #12] FATAL -- : [52404e9e-a9d1-4264-89a5-ce5482a8578f]   
F, [2020-10-08T09:33:28.705136 #12] FATAL -- : [52404e9e-a9d1-4264-89a5-ce5482a8578f] app/views/layouts/application.html.haml:8:in `_app_views_layouts_application_html_haml___1068815591746711894_15620'
