current directory: /home/ec2-user/environment/EnergyDataSimulationChallenge/challenge3/webapp/serizawa/EnergyDataSimulationChallenge/challenge3/webapp/serizawa/ruby/2.6.0/gems/puma-3.12.0/ext/puma_http11
/home/ec2-user/.rvm/rubies/ruby-2.6.0/bin/ruby -I /home/ec2-user/.rvm/rubies/ruby-2.6.0/lib/ruby/2.6.0 -r ./siteconf20190302-15169-1uliaxx.rb extconf.rb
checking for BIO_read() in -lcrypto... yes
checking for SSL_CTX_new() in -lssl... yes
checking for openssl/bio.h... yes
creating Makefile

current directory: /home/ec2-user/environment/EnergyDataSimulationChallenge/challenge3/webapp/serizawa/EnergyDataSimulationChallenge/challenge3/webapp/serizawa/ruby/2.6.0/gems/puma-3.12.0/ext/puma_http11
make "DESTDIR=" clean

current directory: /home/ec2-user/environment/EnergyDataSimulationChallenge/challenge3/webapp/serizawa/EnergyDataSimulationChallenge/challenge3/webapp/serizawa/ruby/2.6.0/gems/puma-3.12.0/ext/puma_http11
make "DESTDIR="
compiling http11_parser.c
compiling io_buffer.c
compiling mini_ssl.c
mini_ssl.c: In function ‘engine_init_server’:
mini_ssl.c:153:3: warning: ISO C90 forbids mixed declarations and code [-Wdeclaration-after-statement]
   ID sym_cert = rb_intern("cert");
   ^
mini_ssl.c:158:3: warning: ISO C90 forbids mixed declarations and code [-Wdeclaration-after-statement]
   ID sym_ca = rb_intern("ca");
   ^
mini_ssl.c:189:3: warning: ISO C90 forbids mixed declarations and code [-Wdeclaration-after-statement]
   DH *dh = get_dh1024();
   ^
mini_ssl.c:193:3: warning: ISO C90 forbids mixed declarations and code [-Wdeclaration-after-statement]
   EC_KEY *ecdh = EC_KEY_new_by_curve_name(NID_secp521r1);
   ^
mini_ssl.c: In function ‘raise_error’:
mini_ssl.c:250:6: warning: function might be candidate for attribute ‘noreturn’ [-Wsuggest-attribute=noreturn]
 void raise_error(SSL* ssl, int result) {
      ^
mini_ssl.c: At top level:
cc1: warning: unrecognized command line option "-Wno-tautological-compare" [enabled by default]
cc1: warning: unrecognized command line option "-Wno-self-assign" [enabled by default]
cc1: warning: unrecognized command line option "-Wno-parentheses-equality" [enabled by default]
cc1: warning: unrecognized command line option "-Wno-constant-logical-operand" [enabled by default]
cc1: warning: unrecognized command line option "-Wno-cast-function-type" [enabled by default]
compiling puma_http11.c
linking shared-object puma/puma_http11.so

current directory: /home/ec2-user/environment/EnergyDataSimulationChallenge/challenge3/webapp/serizawa/EnergyDataSimulationChallenge/challenge3/webapp/serizawa/ruby/2.6.0/gems/puma-3.12.0/ext/puma_http11
make "DESTDIR=" install
/usr/bin/install -c -m 0755 puma_http11.so ./.gem.20190302-15169-1t7xfcn/puma
