current directory: /home/ec2-user/environment/EnergyDataSimulationChallenge/challenge3/webapp/serizawa/EnergyDataSimulationChallenge/challenge3/webapp/serizawa/ruby/2.6.0/gems/nio4r-2.3.1/ext/nio4r
/home/ec2-user/.rvm/rubies/ruby-2.6.0/bin/ruby -I /home/ec2-user/.rvm/rubies/ruby-2.6.0/lib/ruby/2.6.0 -r ./siteconf20190302-4169-q9iqja.rb extconf.rb
checking for unistd.h... yes
checking for sys/select.h... yes
checking for port_event_t in poll.h... no
checking for sys/epoll.h... yes
checking for sys/event.h... no
checking for port_event_t in port.h... no
checking for sys/resource.h... yes
creating Makefile

current directory: /home/ec2-user/environment/EnergyDataSimulationChallenge/challenge3/webapp/serizawa/EnergyDataSimulationChallenge/challenge3/webapp/serizawa/ruby/2.6.0/gems/nio4r-2.3.1/ext/nio4r
make "DESTDIR=" clean

current directory: /home/ec2-user/environment/EnergyDataSimulationChallenge/challenge3/webapp/serizawa/EnergyDataSimulationChallenge/challenge3/webapp/serizawa/ruby/2.6.0/gems/nio4r-2.3.1/ext/nio4r
make "DESTDIR="
compiling bytebuffer.c
compiling monitor.c
compiling nio4r_ext.c
In file included from nio4r_ext.c:7:0:
../libev/ev.c:488:48: warning: "/*" within comment [-Wcomment]
 /*#define MIN_INTERVAL  0.00000095367431640625 /* 1/2**20, good till 2200 */
 ^
In file included from nio4r_ext.c:7:0:
../libev/ev.c: In function ‘ecb_binary32_to_binary16’:
../libev/ev.c:1274:13: warning: comparison between signed and unsigned integer expressions [-Wsign-compare]
       if (e < (14 - 24)) /* might not be sharp, but is good enough */
             ^
In file included from nio4r_ext.c:7:0:
../libev/ev.c: At top level:
../libev/ev.c:1836:31: warning: ‘ev_default_loop_ptr’ initialized and declared ‘extern’ [enabled by default]
   EV_API_DECL struct ev_loop *ev_default_loop_ptr = 0; /* needs to be initialised to make it a definition despite extern */
                               ^
../libev/ev.c: In function ‘ev_time’:
../libev/ev.c:1876:3: warning: ISO C90 forbids mixed declarations and code [-Wdeclaration-after-statement]
   struct timeval tv;
   ^
../libev/ev.c: In function ‘array_nextsize’:
../libev/ev.c:1945:19: warning: comparison between signed and unsigned integer expressions [-Wsign-compare]
   if (elem * ncur > MALLOC_ROUND - sizeof (void *) * 4)
                   ^
In file included from nio4r_ext.c:7:0:
../libev/ev.c: In function ‘ev_backend_poll’:
../libev/ev.c:3580:1: warning: no return statement in function returning non-void [-Wreturn-type]
 }
 ^
../libev/ev.c: In function ‘ev_run’:
../libev/ev.c:3750:9: warning: passing argument 1 of ‘rb_thread_call_without_gvl’ from incompatible pointer type [enabled by default]
         rb_thread_call_without_gvl(ev_backend_poll, (void *)&poll_args, RUBY_UBF_IO, 0);
         ^
In file included from ../libev/ev.c:42:0,
                 from nio4r_ext.c:7:
/home/ec2-user/.rvm/rubies/ruby-2.6.0/include/ruby-2.6.0/ruby/thread.h:28:7: note: expected ‘void * (*)(void *)’ but argument is of type ‘VALUE (*)(void *)’
 void *rb_thread_call_without_gvl(void *(*func)(void *), void *data1,
       ^
In file included from nio4r_ext.c:7:0:
../libev/ev.c: In function ‘ev_io_start’:
../libev/ev.c:3949:34: warning: suggest parentheses around arithmetic in operand of ‘|’ [-Wparentheses]
   fd_change (EV_A_ fd, w->events & EV__IOFDSET | EV_ANFD_REIFY);
                                  ^
../libev/ev.c: At top level:
../libev/ev.c:5206:27: warning: "/*" within comment [-Wcomment]
 /* EV_STAT     0x00001000 /* stat data changed */
 ^
../libev/ev.c:5207:27: warning: "/*" within comment [-Wcomment]
 /* EV_EMBED    0x00010000 /* embedded event loop needs sweep */
 ^
nio4r_ext.c: In function ‘Init_nio4r_ext’:
nio4r_ext.c:15:5: warning: passing argument 1 of ‘ev_set_allocator’ from incompatible pointer type [enabled by default]
     ev_set_allocator(xrealloc);
     ^
In file included from nio4r_ext.c:7:0:
../libev/ev.c:1738:1: note: expected ‘void * (*)(void *, long int)’ but argument is of type ‘void * (*)(void *, size_t)’
 ev_set_allocator (void *(*cb)(void *ptr, long size) EV_THROW) EV_THROW
 ^
nio4r_ext.c: At top level:
cc1: warning: unrecognized command line option "-Wno-tautological-compare" [enabled by default]
cc1: warning: unrecognized command line option "-Wno-self-assign" [enabled by default]
cc1: warning: unrecognized command line option "-Wno-parentheses-equality" [enabled by default]
cc1: warning: unrecognized command line option "-Wno-constant-logical-operand" [enabled by default]
cc1: warning: unrecognized command line option "-Wno-cast-function-type" [enabled by default]
compiling selector.c
linking shared-object nio4r_ext.so

current directory: /home/ec2-user/environment/EnergyDataSimulationChallenge/challenge3/webapp/serizawa/EnergyDataSimulationChallenge/challenge3/webapp/serizawa/ruby/2.6.0/gems/nio4r-2.3.1/ext/nio4r
make "DESTDIR=" install
/usr/bin/install -c -m 0755 nio4r_ext.so ./.gem.20190302-4169-sj3h4f
